20231120	21:04:31	a96a47c7-d219-42c3-af60-e5fcd735dfde	GET	/	undefined
20231120	21:04:32	f00b9df2-abf4-475b-8e3d-55a2bf3824d4	GET	/	undefined
20231120	21:21:54	5ca389ff-682f-4f86-a662-a1d12ec685c5	GET	/	undefined
20231120	21:21:56	8a7e2fc2-2422-4645-8de5-cae9bd15e603	GET	/asdasd	undefined
20231120	21:22:08	b5f2c76a-52e8-4176-98ea-2617f76ca12f	GET	/asdasd	undefined
20231213	19:55:54	b4787800-4903-4491-a213-ec9556c3e2c8	GET	/blog	undefined
20231213	19:58:21	c88e871c-40fc-4458-bd12-fd6eca661a0a	GET	/blog	undefined
20231216	10:39:53	549e85d5-eb66-4be9-8510-8b7644143b59	OPTIONS	/auth/admin	http://localhost:5173
20231216	10:40:24	848655d1-f652-40e5-b3f4-8965d7e808c5	OPTIONS	/auth/admin	http://localhost:5173
20231216	10:40:39	537a294f-ad46-40ce-a641-1375a9f0fa0c	OPTIONS	/auth/admin	http://localhost:5173
20231216	10:41:13	e1264238-ae7e-444f-b704-ee1c245c72b6	POST	/auth/admin	http://localhost:5173
20231216	10:41:44	e20837b9-c9dd-43a6-bec6-c195add5f90b	POST	/auth/admin	http://localhost:5173
20231216	10:42:37	df27a595-91a2-4a00-af26-db6475e2e113	POST	/auth/admin	http://localhost:5173
20231216	10:43:03	ee1e17ef-7b44-4053-a44c-6a29b2b290ea	POST	/auth/admin	http://localhost:5173
20231216	10:48:16	75b76580-34cb-41bc-aa58-9243268726e2	POST	/auth/admin	http://localhost:5173
20231216	10:49:20	f44a5e29-53e9-4a56-bacf-e4614e29e391	POST	/auth/admin	http://127.0.0.1:5500
20231216	11:03:43	ab04f2bf-a27d-49af-9b08-c0d59c575278	POST	/auth/admin	http://localhost:5173
20231216	11:05:10	b82b769c-e236-4c2e-ba7b-e4b2d3b531bb	POST	/auth/admin	http://127.0.0.1:5500
20231216	11:12:37	a8119b06-6a3d-448e-b012-d97f985b65f4	POST	/auth/admin	https://altai861.github.io
20231216	12:11:17	29cedfd3-fd8f-43b3-89bd-7558d23b6dc2	POST	/auth/admin	http://localhost:5173
20231216	12:38:17	7f2036c8-130d-4feb-83e1-bbb0330bdff1	POST	/auth	undefined
20231216	12:39:54	760808cd-1dd8-40b4-9cee-4b44419d151a	POST	/auth	undefined
20231216	12:45:51	0074c6a1-a2b0-4457-873c-f36d647b69ae	POST	/auth/admin	http://localhost:5173
20231216	12:46:13	8abe5013-5f7b-44d3-b00c-c6b7e36bf6bb	POST	/auth/admin	http://localhost:5173
20231216	12:47:35	61ac4a1c-58ba-4c45-90fc-a3a574143741	POST	/auth/admin	http://localhost:5173
20231217	16:19:16	272203fa-be99-42f4-8fc1-aa61ae767edd	POST	/auth/admin	http://localhost:5173
20231217	16:40:56	8e5f039d-ef2d-4ddb-a35e-148c4e26f0d1	POST	/auth/admin	http://localhost:5173
20231217	16:42:07	9e4bfc24-b553-4e6f-bea9-47ec05d13b5b	POST	/blog	http://localhost:5173
20231217	16:45:05	55ff19e8-f4e3-4ed3-8180-47f6e350757c	POST	/blog	http://localhost:5173
20231217	16:46:05	9ab8a021-aa97-479b-a8c6-63499436560d	POST	/blog	http://localhost:5173
20231217	16:46:24	a358cf59-db24-422a-a9d7-47d59e3863f5	POST	/blog	http://localhost:5173
20231217	16:46:31	9fee0fa6-82d4-4993-b9a9-fa66aa878091	POST	/blog	http://localhost:5173
20231217	16:47:51	ef2733f8-e065-4dd1-9280-09836a8bc368	POST	/blog	http://localhost:5173
20231217	16:47:54	7f312ccd-78d2-4694-b3c6-c302955dbf70	POST	/blog	http://localhost:5173
20231217	16:48:16	34f0ae35-369c-4f4f-bfef-036b277e9b6e	POST	/blog	http://localhost:5173
20231217	16:48:18	49f4e020-b7e2-4672-84b7-0ad793289693	POST	/blog	http://localhost:5173
20231217	16:49:11	a00f5ada-e9d3-4c33-8788-3077da2d9888	POST	/blog	http://localhost:5173
20231217	16:49:22	bb45b1b7-33fb-444f-adc9-c81b79c65df5	POST	/blog	http://localhost:5173
20231217	16:54:00	0fc86d8c-70a1-4cfc-aba0-67a1d1936c76	POST	/blog	http://localhost:5173
20231217	16:57:29	77fb181b-3d72-4d93-8e84-922bfe8d37b2	POST	/blog	http://localhost:5173
20231217	17:06:31	f265dcf5-b4d3-4eea-9d7d-56c7707d3dbb	DELETE	/blog/allDelete	undefined
20231217	17:06:53	6939de0b-cd74-4110-afc1-085f25df1029	POST	/blog	http://localhost:5173
20231217	17:07:02	190de10a-e85f-406d-b88f-df94011e02d9	POST	/blog	http://localhost:5173
20231217	17:11:39	6233f571-fe35-46d8-9bdf-5871eb7aa673	POST	/blog	http://localhost:5173
20231217	17:14:24	8288baa5-a34c-49ce-9300-db423248fdeb	POST	/blog	http://localhost:5173
20231217	17:18:08	97734447-06a1-4745-bc56-35f5539a003d	POST	/blog	http://localhost:5173
20231217	17:44:00	8623583d-c695-425a-8014-c19227f67de6	PATCH	/blog	http://localhost:5173
20231217	17:45:12	f9d37ab0-9bbe-47f0-be43-f80e2e03300d	POST	/blog	http://localhost:5173
20231217	17:45:33	08e5f2bf-d562-4fb4-aca3-721705dab447	PATCH	/blog	http://localhost:5173
20231217	17:46:31	397d3071-6e9a-4feb-a6bd-a20b270bae78	POST	/blog	http://localhost:5173
20231217	17:46:37	18ae8560-823c-4bad-b7d3-75c259043c00	PATCH	/blog	http://localhost:5173
20231217	17:47:11	82d7afbd-3168-4814-a12c-0476d73f04d7	PATCH	/blog	http://localhost:5173
20231217	17:47:43	a88ff4bb-ee51-4bcf-b390-069d77fbe568	POST	/blog	http://localhost:5173
20231217	17:47:51	7f2ad264-0c4a-4009-869f-9cc39dd155a0	PATCH	/blog	http://localhost:5173
20231217	17:50:10	09dcfabd-2b94-49a2-bead-dbe0e45e42ea	POST	/blog	http://localhost:5173
20231217	17:50:20	3fc97786-7133-43b7-95a4-ea2293275c92	PATCH	/blog	http://localhost:5173
20231217	17:50:33	a2423fbb-a37b-4829-9a22-39c0f31503e4	DELETE	/blog/allDelete	undefined
20231217	17:50:37	29e2bef9-9725-4857-b6dc-c4c6318b9eca	POST	/blog	http://localhost:5173
20231217	17:58:18	fe102f8b-9c98-483d-bd49-ea953baf14c8	POST	/blog	http://localhost:5173
20231217	17:58:29	b694fdc1-299d-4d46-8727-4f16e3819b9c	POST	/blog	http://localhost:5173
20231217	17:59:50	238f0242-e940-4ed8-a03d-c3d9f6cd089b	POST	/blog	http://localhost:5173
20231217	18:00:40	423c64c9-3e50-426c-bf2f-8551331edd21	POST	/blog	http://localhost:5173
20231217	18:01:18	b7701eea-6d8c-41dd-9591-b9ab92b41b5b	PATCH	/blog	http://localhost:5173
20231217	18:03:13	fea4096f-fe58-4bbb-b542-79b1b9c73a2f	POST	/blog	http://localhost:5173
20231217	18:03:33	6464ba6f-f47d-415e-a796-635116b40349	PATCH	/blog	http://localhost:5173
20231217	18:03:41	2d5b67c2-a6fb-4063-a347-be58363c90a0	PATCH	/blog	http://localhost:5173
20231217	18:04:32	4a3b744e-61ba-4afb-9cd0-90875a347366	DELETE	/blog/allDelete	undefined
20231217	20:23:52	f23ea6b4-dc96-4d73-8f8b-84c3bf086635	POST	/auth/admin	http://localhost:5173
20231217	20:24:06	fa0c7696-c3e2-4ccc-b718-7a50640f5987	POST	/blog	http://localhost:5173
20231217	20:24:27	bced8358-788e-49d7-a605-cca7180c3eee	PATCH	/blog	http://localhost:5173
20231217	20:24:27	d93cd8c9-5cc6-43ea-ab34-4275bb2744a8	PATCH	/blog	http://localhost:5173
20231218	17:28:39	033ca88c-988a-456d-8560-b348ce53efb4	POST	/auth/admin	http://localhost:5173
20231218	17:28:44	af8beac9-8923-4e44-8a58-f33f0d82dcac	POST	/blog	http://localhost:5173
20231218	17:30:30	8749606e-606f-463d-bb29-b57f09b829ce	PATCH	/blog	http://localhost:5173
20231218	17:31:52	7d9d3d94-6cc8-4fb3-beb4-4cb73d03132f	POST	/blog	http://localhost:5173
20231218	17:32:29	d414a96f-7b2d-4f08-9251-d08d7a57fd19	PATCH	/blog	http://localhost:5173
20231218	17:32:33	e6ce8763-34eb-4ccf-8833-9fab5dd9395d	PATCH	/blog	http://localhost:5173
20231218	18:04:05	9e816919-40a7-4825-8eb7-cfb7843eb6f4	GET	/blog	undefined
20231218	18:11:15	337c68f0-0f37-4823-bacc-ad7e9e9619f4	GET	/blog	http://localhost:5173
20231218	18:12:17	70611543-51de-4654-9b33-ee6003cbb15f	GET	/blog	http://localhost:5173
20231218	18:13:20	efb9c271-87e4-442f-b9fe-0bd873c5a556	GET	/blog	http://localhost:5173
20231218	18:16:13	91c05df7-5f2b-4335-8d5f-59643bef3edb	GET	/blog	http://localhost:5173
20231218	18:18:47	8d7f351c-7cc7-4a24-8479-d879bf725e34	GET	/blog	http://localhost:5173
20231218	18:18:57	3fdaae49-f466-4e2c-9675-c74dc5514060	GET	/blog	http://localhost:5173
20231218	18:20:45	7960432b-5701-4a22-8bff-7c1682b8be28	GET	/blog	http://localhost:5173
20231218	18:21:07	1cddfc25-cc71-4d07-9da2-e34df3e600bb	POST	/blog	http://localhost:5173
20231218	18:21:12	6e49c987-e9e2-4f33-a55d-dc8035595304	GET	/blog	http://localhost:5173
20231218	18:28:18	3d85f527-ebbb-477e-8ae9-a0fcdf765c88	GET	/blog	http://localhost:5173
20231218	18:28:42	41ad806f-a538-414c-83d3-3da2dd6836bb	GET	/blog	http://localhost:5173
20231218	18:29:05	1207d061-f001-4e1d-8720-6f830041cbf6	GET	/blog	http://localhost:5173
20231218	18:29:17	5df2d2ff-36a2-444d-bfa6-7f769c6b4e41	GET	/blog	http://localhost:5173
20231218	18:29:58	ac471a3c-f460-4690-9bf6-21f807bdca0a	GET	/blog	http://localhost:5173
20231218	18:30:28	238d5edf-e3ba-49e6-915d-59bd37610692	GET	/blog	http://localhost:5173
20231218	18:31:29	671fc446-480e-45f6-917f-5603724ec326	GET	/blog	http://localhost:5173
20231218	18:31:31	28156a18-4fab-430d-81b5-b35a6a4ee1f7	GET	/blog	http://localhost:5173
20231218	18:32:08	90c3b0e7-afc5-4615-8376-961b15d1e5db	POST	/blog	http://localhost:5173
20231218	18:32:52	9a04a736-c494-463c-829d-ee74ad7cde50	PATCH	/blog	http://localhost:5173
20231218	18:32:57	f3c5881e-37f6-4aef-beec-a99fee1e0996	GET	/blog	http://localhost:5173
20231218	18:36:47	6d39cb3e-2c4d-41a4-a274-3d0375b21ca5	GET	/blog	http://localhost:5173
20231218	18:37:04	05f79a2b-37bc-4405-91dc-4f0b7a0f19a2	GET	/blog	http://localhost:5173
20231218	18:37:39	c9e7dabf-f4c2-4aed-93e0-1c9ed2ca4a26	GET	/blog	http://localhost:5173
20231218	18:38:02	8317b6f5-9562-48eb-a75b-f00ef6c5a6a0	GET	/blog	http://localhost:5173
20231218	18:38:05	0e7e5594-0496-40ae-bcae-a4d0860255d5	GET	/blog	http://localhost:5173
20231218	18:38:05	20db274c-633c-42e3-9da2-d39664f75428	GET	/blog	http://localhost:5173
20231218	18:38:06	fc4fc427-51af-42b3-8ed5-0656ce394820	GET	/blog	http://localhost:5173
20231218	18:38:06	7f6bfa1a-e952-491e-b043-e4737bf3760a	GET	/blog	http://localhost:5173
20231218	18:38:06	f6d871fa-d03f-4ff0-b510-5626e8f08680	GET	/blog	http://localhost:5173
20231218	18:38:07	9cea3bda-c00f-49ad-892f-8990c5058752	GET	/blog	http://localhost:5173
20231218	18:43:44	da226a59-e969-4f89-8f17-4242903e28cd	GET	/blog	http://localhost:5173
20231218	18:46:31	fbd6ab7a-9acb-4dc9-a586-3e04e905f5d5	POST	/auth/admin	http://localhost:5173
20231218	18:46:31	e8cdbf71-d3f0-47c4-b7c9-5290bc0c7d49	GET	/blog	http://localhost:5173
20231218	18:46:56	787cb51e-15cd-4710-b0f9-9532e93e32d2	GET	/blog	http://localhost:5173
20231218	18:47:03	e8160a9f-7e68-44b1-99f6-f03fdf9e594a	GET	/blog	http://localhost:5173
20231218	18:47:11	2a7b8a29-2b51-4c2a-9fc6-e5d6164117db	GET	/blog	http://localhost:5173
20231218	18:47:16	e2c2af80-5742-4b80-a7a7-4a62d006ccde	POST	/blog	http://localhost:5173
20231218	18:47:21	73d2436e-e21c-4f5a-a810-0704ef5f8bef	GET	/blog	http://localhost:5173
20231218	18:47:43	2a169778-bd0e-414d-9181-98f5e3fc2d32	GET	/blog	http://localhost:5173
20231218	18:51:13	3717a210-1be8-4966-ab9c-2dac5e5e5bd8	POST	/auth/admin	http://localhost:5173
20231218	18:51:13	e345f2c6-e413-42a9-af47-4cec18092c4e	GET	/blog	http://localhost:5173
20231219	16:05:40	8055c370-027d-490d-9551-388a9dea21f7	GET	/blog	http://localhost:5173
20231219	16:06:01	9d523ab5-29b3-4a86-bbc1-9f0a38e9fd74	GET	/blog	http://localhost:5173
20231219	16:09:00	7c2bd995-01f1-4c83-8023-08dee71d8b2c	GET	/blog	http://localhost:5173
20231219	16:11:58	3626f160-609f-41ba-bd09-40206db004db	GET	/blog/657ee866bc9702dff79f7baf	http://localhost:5173
20231219	16:14:52	79d64bac-bba3-476a-8889-21aea78ccce7	GET	/blog/657ee866bc9702dff79f7baf	http://localhost:5173
20231219	16:15:11	c8bbd4e3-8a6e-49b3-a21b-7bee3338b626	GET	/blog/657ee866bc9702dff79f7baf	http://localhost:5173
20231219	16:16:12	0eade6f9-e2b7-4344-9208-f69472e2adab	GET	/blog/657ee866bc9702dff79f7baf	http://localhost:5173
20231219	16:18:01	dee9f007-3595-465e-b3ac-92fc9cc46a8c	GET	/blog/657ee866bc9702dff79f7baf	http://localhost:5173
20231219	16:18:41	528abeb6-3e2a-4659-8da2-0c959fe7054e	GET	/blog/657ee866bc9702dff79f7baf	http://localhost:5173
20231219	16:19:00	ca673258-c0be-4479-b288-4baae4146ce2	GET	/blog/657ee866bc9702dff79f7baf	http://localhost:5173
20231219	16:19:40	8b6796a6-646a-476f-820e-91d3e12c8a17	GET	/blog/657ee866bc9702dff79f7baf	http://localhost:5173
20231219	16:20:30	1900813a-6feb-4c9b-a7e1-4904d4c6c549	GET	/blog/657ee866bc9702dff79f7baf	http://localhost:5173
20231219	16:21:32	7b57c6f6-2f3e-4b07-8cdb-66959b022fac	GET	/blog/657ee866bc9702dff79f7baf	http://localhost:5173
20231219	16:21:50	0d506c17-9c24-485f-b34c-8241dc723b61	GET	/blog/657ee866bc9702dff79f7baf	http://localhost:5173
20231219	16:22:59	578a8b14-9bff-491e-a1c2-93bb83359d98	GET	/blog/657ee866bc9702dff79f7baf	http://localhost:5173
20231219	16:23:11	b0448c1b-fe7c-4737-8b1f-54b546be83e0	GET	/blog/657ee866bc9702dff79f7baf	http://localhost:5173
20231219	16:25:28	949bf535-dd12-46c1-b818-04cc5bf835a9	GET	/blog/657ee866bc9702dff79f7baf	http://localhost:5173
20231219	16:25:51	c06195e3-45d8-4687-8871-16a7b822e42b	GET	/blog/657ee866bc9702dff79f7baf	http://localhost:5173
20231219	16:26:10	0b2df1c1-ca93-45f2-a8ff-60cc26f1bc54	GET	/blog/657ee866bc9702dff79f7baf	http://localhost:5173
20231219	16:27:15	0a6e68c6-5060-4fd1-929c-0d1c10086ad4	GET	/blog/657ee866bc9702dff79f7baf	http://localhost:5173
20231219	16:27:30	7c9beb74-620d-4442-ae75-df051b7522c2	GET	/blog/658010cce110b81b05d64b5e	http://localhost:5173
20231219	16:28:34	45ba4755-a94e-47a3-87d8-9ad2cee330bd	GET	/blog/658010cce110b81b05d64b5e	http://localhost:5173
20231219	16:28:46	a58666cd-3330-466f-a251-d639a5cbc6be	GET	/blog	http://localhost:5173
20231219	16:28:48	be7748af-0f13-4db3-8698-f0f5c093ecfb	GET	/blog/658010cce110b81b05d64b5e	http://localhost:5173
20231219	16:29:03	73de20b7-173e-402f-97a1-37dfa0c55a17	GET	/blog/658010cce110b81b05d64b5e	http://localhost:5173
20231219	16:34:59	fce830f2-a611-47cb-aeae-9dab931a671e	GET	/blog/658010cce110b81b05d64b5e	http://localhost:5173
20231219	16:38:31	7a5cc77d-4d9e-4ebd-96e1-d9e2ad7823d1	GET	/blog/658010cce110b81b05d64b5e	http://localhost:5173
20231219	16:38:37	9d31caf1-c697-40f3-ba4d-758c64ed61d6	GET	/blog	http://localhost:5173
20231219	16:38:48	aa9ec9f3-795a-460f-8ff7-44fb19b30f1a	POST	/auth/admin	http://localhost:5173
20231219	16:38:48	b8649e96-0a31-43da-b7e1-a51c5bf72e6d	GET	/blog	http://localhost:5173
20231219	16:38:50	15695b1d-3ea6-49c5-ac75-f6e21ed7b1b4	GET	/blog/657ee866bc9702dff79f7baf	http://localhost:5173
20231219	16:39:05	ffb036f9-8927-48ee-b718-720cfdd32bd4	GET	/blog/657ee866bc9702dff79f7baf	http://localhost:5173
20231219	16:45:57	ce749c9c-7003-4d13-9049-f6d464b76626	GET	/blog/657ee866bc9702dff79f7baf	http://localhost:5173
20231219	16:46:03	8b2e9166-eb81-4ea7-9cbe-0c69b91bdd7c	GET	/blog/657ee866bc9702dff79f7baf	http://localhost:5173
20231219	16:46:48	c4530cbf-e5a8-44e6-b056-d2ea20e2ef22	GET	/blog/657ee866bc9702dff79f7baf	http://localhost:5173
20231219	16:47:27	0a4fb875-c1a4-4bad-af45-d6aa4f475153	GET	/blog/657ee866bc9702dff79f7baf	http://localhost:5173
20231219	16:47:34	cf2777b6-953d-4914-8db3-922917d389aa	PATCH	/blog	http://localhost:5173
20231219	16:47:43	7a5f0d50-b92b-45b3-9551-4711b14bca77	PATCH	/blog	http://localhost:5173
20231219	16:47:50	ffe4dc32-0683-4dbb-ac63-e827b2a3b86b	GET	/blog	http://localhost:5173
20231219	16:47:54	5c2ab5b5-0219-4d88-ad29-99c5f7113de1	GET	/blog/65801fa9e110b81b05d64b7b	http://localhost:5173
20231219	16:47:59	cb51fdfc-20cd-4071-8f7b-fc079e7eccb3	PATCH	/blog	http://localhost:5173
20231219	16:48:07	d79a636d-2101-42eb-93bd-ec6451146f66	GET	/blog	http://localhost:5173
20231219	16:48:50	eee606e2-7a53-453e-80c5-36798aa9bf3d	GET	/blog/65801188e110b81b05d64b62	http://localhost:5173
20231219	16:49:58	09b7048e-8455-4367-82a0-7d2f7ed03ede	PATCH	/blog	http://localhost:5173
20231219	16:50:08	c8098851-2f5b-4a8c-9ff5-217c5fe446f5	PATCH	/blog	http://localhost:5173
20231219	16:50:14	637229b3-221b-481b-9b78-dd1f5f63d5b8	GET	/blog	http://localhost:5173
20231219	16:50:16	548918cb-9108-4c59-8a16-9247c2b43b64	GET	/blog/65801188e110b81b05d64b62	http://localhost:5173
20231219	16:50:33	f64d5fa6-f0c4-4c71-960d-142ebb680b4a	GET	/blog	http://localhost:5173
20231219	16:50:50	d9bcf458-93b9-4443-abdd-9cd8ebf62645	GET	/blog	http://localhost:5173
20231219	16:50:53	b167c601-f0b1-4598-a7d3-d65cc664ea7b	GET	/blog/65801188e110b81b05d64b62	http://localhost:5173
20231219	16:53:21	09eac1fa-bd20-4331-824d-d96f790c3e9e	GET	/blog/65801188e110b81b05d64b62	http://localhost:5173
20231219	16:53:42	962b5561-1ab1-4977-9147-2b53745692dc	POST	/auth/admin	http://localhost:5173
20231219	16:53:42	e24f1d6a-f3bd-4279-8730-ed971a7feec0	GET	/blog	http://localhost:5173
20231219	16:53:43	c838ecf8-c8a9-4cba-ab3a-cd3bdd0b9bb7	GET	/blog/657ee866bc9702dff79f7baf	http://localhost:5173
20231219	16:59:47	d93d9d6c-9624-4d9b-81e3-f34adc3044b5	GET	/blog/657ee866bc9702dff79f7baf	http://localhost:5173
20231219	17:00:50	a9d2f909-6d18-45d9-8810-58c0bcff1954	GET	/blog/657ee866bc9702dff79f7baf	http://localhost:5173
20231219	17:02:29	eb6f3eb8-213b-4a4a-9292-ac404e0c8382	GET	/blog/657ee866bc9702dff79f7baf	http://localhost:5173
20231219	17:02:41	e6868749-da14-4b42-b3b5-ede09e1ca0e2	GET	/blog/657ee866bc9702dff79f7baf	http://localhost:5173
20231219	17:03:15	f95d292e-351f-45c1-8382-2b38318ed4e8	GET	/blog/657ee866bc9702dff79f7baf	http://localhost:5173
20231219	17:05:34	45e2aa2b-8736-4fda-8955-e0ac0209859a	GET	/blog/657ee866bc9702dff79f7baf	http://localhost:5173
20231219	17:05:46	f702a229-b3d9-45fc-834c-7b6a47f6da5e	GET	/blog/657ee866bc9702dff79f7baf	http://localhost:5173
20231219	17:05:49	ebc9e721-026a-42a2-8382-c181e795d814	DELETE	/blog	http://localhost:5173
20231219	17:05:54	f0d9defe-ccfe-45a0-9f16-bd93eb40dfff	GET	/blog	http://localhost:5173
20231219	17:05:57	51c2ac14-06e4-4e04-aa7c-a818717a1f3a	GET	/blog/65801fa9e110b81b05d64b7b	http://localhost:5173
20231219	17:06:01	fdc9c2c3-36b2-4470-8ff8-611a6128375e	DELETE	/blog	http://localhost:5173
20231219	17:06:04	8d4f8735-7dbe-4bdf-8e0f-beaf871ca71c	GET	/blog	http://localhost:5173
20231219	17:06:07	aaad7fda-0dc5-4adf-aa82-a6fa2fabf6c0	GET	/blog/65801fa9e110b81b05d64b7b	http://localhost:5173
20231219	17:06:14	89a744d7-58ad-4496-8dfe-3c023118a411	DELETE	/blog	http://localhost:5173
20231219	17:06:56	b22b5835-89f4-4b75-811d-0898cec762d8	DELETE	/blog	http://localhost:5173
20231219	17:08:12	05b96a31-4aec-4f61-a2a9-f9e8c41803c5	GET	/blog/65801fa9e110b81b05d64b7b	http://localhost:5173
20231219	17:08:15	3689dd8e-75ff-4479-9083-91132b3a0bc1	POST	/blog	http://localhost:5173
20231219	17:08:52	fc89dc1b-bc96-4aa7-84be-96a98091be3c	GET	/blog/65801fa9e110b81b05d64b7b	http://localhost:5173
20231219	17:08:56	77dbcbe7-b3ec-4da2-b2f6-486e858d1ca1	POST	/blog/delete	http://localhost:5173
20231219	17:09:06	0599a398-37ab-4cb5-831a-9e3d803f6978	GET	/blog	http://localhost:5173
20231219	17:09:09	fe028e33-ea7b-4843-8f3f-c7590b34cca8	GET	/blog/65801188e110b81b05d64b62	http://localhost:5173
20231219	17:09:12	aef1ef14-d9fc-4a8a-81c5-e86307a5d1b9	POST	/blog/delete	http://localhost:5173
20231219	17:10:03	29a514fa-2dde-48af-9e0f-f00c59c3e0c4	GET	/blog	http://localhost:5173
20231219	17:10:05	e99b0260-9a47-4667-95fc-353eb2932e26	GET	/blog/65802335e110b81b05d64b90	http://localhost:5173
20231219	17:10:07	ef67d7a2-1795-4e91-83b0-86c3a0e7c5e3	POST	/blog/delete	http://localhost:5173
20231219	17:10:11	3200caa8-664e-4842-af0a-456c46fe4618	GET	/blog	http://localhost:5173
20231219	17:10:12	4ef333d4-49a3-4575-aa6c-8d7ca8771834	GET	/blog/65801d13e110b81b05d64b6f	http://localhost:5173
20231219	17:10:15	90f48832-8ac7-4d59-9bb1-d343b78d70cb	POST	/blog/delete	http://localhost:5173
20231219	17:10:18	1deeebe5-aa7f-42ce-877d-41017dffc044	GET	/blog	http://localhost:5173
20231219	17:10:50	388d6465-2c88-4b9c-8c93-5626540a9bef	GET	/blog	http://localhost:5173
20231219	17:10:54	491855f3-918f-44ce-9c2d-a0fe6096975e	GET	/blog	http://localhost:5173
20231219	17:10:57	6930e00f-9787-4cf2-b84a-7907da45877f	GET	/blog/657ee866bc9702dff79f7baf	http://localhost:5173
20231219	17:10:59	e3a1fce2-d034-4af3-a641-e7cd0d71069e	POST	/blog/delete	http://localhost:5173
20231219	17:11:00	cf1441a7-a81e-4c5e-80ae-1dbc968032d5	GET	/blog	http://localhost:5173
20231219	17:11:03	fe91460b-c968-42ad-b45b-f639d1eb32db	GET	/blog/658010cce110b81b05d64b5e	http://localhost:5173
20231219	17:11:06	74a74f41-23c7-4e0c-9c5b-41fd3cdf8be0	POST	/blog/delete	http://localhost:5173
20231219	17:11:06	eace17aa-af96-4695-8db5-227a4a86725a	GET	/blog	http://localhost:5173
20231219	17:11:10	8e265593-dc74-4708-a800-12a7f0e06a82	POST	/blog	http://localhost:5173
20231219	17:11:25	2d0ca809-459f-46ca-9c7b-79797673f1b8	GET	/blog	http://localhost:5173
20231219	17:11:26	c63814ba-5f4b-4f8f-ac6b-4d11a6b130ec	GET	/blog/65815e2e2ce7ccf9847815d0	http://localhost:5173
20231219	17:11:28	2610da31-5acc-4bd5-bce5-3231a96753b3	POST	/blog/delete	http://localhost:5173
20231219	17:11:29	c112e3ec-3fbf-432b-85e8-749d7fae2153	GET	/blog	http://localhost:5173
20231219	17:11:44	d34307e0-d7f5-4b99-8f2d-9eeca4fb7c0e	POST	/blog	http://localhost:5173
20231219	17:12:11	c19a87c7-db12-471f-aeb6-596ac2123282	PATCH	/blog	http://localhost:5173
20231219	17:12:17	048b2fec-8d74-43fd-9dc4-518639bed613	GET	/blog	http://localhost:5173
20231219	17:12:55	e0e4d196-c1fe-4786-8793-b7e0ba461340	GET	/blog	http://localhost:5173
20231219	17:14:37	14e571b8-9dbc-43b0-9348-55956b88e77f	GET	/blog	https://altai861.github.io
20231219	17:14:39	00895641-28e2-41e5-a5c2-29bc12cd4f88	GET	/blog/65815e502ce7ccf9847815d8	https://altai861.github.io
20231219	17:14:53	d9382478-29f0-4a31-8801-9cc06479d85c	POST	/auth/admin	https://altai861.github.io
20231219	17:14:53	5db2f3be-868e-4392-a99e-94f16128d579	GET	/blog	https://altai861.github.io
20231219	17:15:00	a8eb0912-b5b9-41e0-8de5-bd9a71e04a36	POST	/blog	https://altai861.github.io
20231219	17:15:12	4312d3a3-0626-4bab-9491-8ccef33e7cc8	PATCH	/blog	https://altai861.github.io
20231219	17:15:16	eaef1d9f-7d84-4dce-b993-29c0c528423e	GET	/blog	https://altai861.github.io
<<<<<<< HEAD
20240706	11:22:44	1a10940a-8281-46f3-8e4c-11363913a879	GET	/	undefined
20240706	11:22:44	4b4df2f2-6c7d-444e-aea7-1f625b2e8537	GET	/favicon.ico	undefined
20240706	11:22:48	4709b53a-dd6d-4e2a-89bd-508114d4ff1b	GET	/blog	undefined
20240706	11:47:52	8627927d-48ac-488e-b83c-6fa4f745624d	GET	/blog	undefined
20240706	11:47:52	64e81544-c77e-4161-ad67-171c3c37f195	GET	/blog	http://localhost:4200
20240706	11:48:15	2077e083-6379-4f32-97e4-20f9c8608a8b	GET	/blog	undefined
20240706	11:48:15	b0145750-a3c2-42ca-8b65-82f55dd03f34	GET	/blog	http://localhost:4200
20240706	11:52:16	b9e9cdcf-2fe3-4322-a097-0b2a1d1856ff	GET	/blog	undefined
20240706	11:52:16	8aa7a39f-581a-4c5d-a42d-9ffa907e4a22	GET	/blog	http://localhost:4200
20240706	11:52:19	adabf928-0481-4cb2-a0ce-a44313a5925b	GET	/blog	undefined
20240706	11:52:20	ba164bf7-8086-41b6-a352-8a608857d660	GET	/blog	http://localhost:4200
20240706	11:53:46	19b83806-5c68-4924-8657-69d9e301f910	GET	/blog	undefined
20240706	11:53:47	16b3eae4-1d36-465c-bea5-c7c6c75d2d44	GET	/blog	http://localhost:4200
20240706	11:54:43	4732d619-1f3a-4a72-a23a-63c03827a0cd	GET	/blog	undefined
20240706	11:54:43	4b552c70-da32-4912-8247-e7630b696e41	GET	/blog	http://localhost:4200
20240706	11:55:28	aa0d9418-d8ff-4b9d-9de7-1997c637893e	GET	/blog	undefined
20240706	11:55:29	6a66ec83-b0d9-464d-b3fa-aa794252ec97	GET	/blog	http://localhost:4200
20240706	11:58:23	f63fb092-2d3c-4830-b555-612514ba59a5	GET	/blog	undefined
20240706	11:58:23	8e83dabb-55ab-4f56-ac62-ea3d74686dfd	GET	/blog	undefined
20240706	11:58:23	0641b3a4-fd49-4a50-a779-9aded72aae53	GET	/blog	http://localhost:4200
20240706	11:58:33	0d199c23-769c-453a-b181-2592cc927137	GET	/blog	undefined
20240706	11:58:33	7819ed3a-9008-4fca-974e-52e9fa45c994	GET	/blog	http://localhost:4200
20240706	11:59:11	a6c290de-7846-4b7e-9486-2a3007589536	GET	/blog	undefined
20240706	11:59:11	42cd1136-a68c-4afb-959f-10856796bd75	GET	/blog	http://localhost:4200
20240706	11:59:14	9015c371-d1f1-48b9-a762-fb205441d749	GET	/blog	undefined
20240706	11:59:14	b538565e-0cce-4c8d-8b99-2d8da06445cc	GET	/blog	http://localhost:4200
20240706	11:59:16	abc5b3d0-34cd-41ad-9c3d-a7c6eadd3b42	GET	/blog/659e7c59941a562ea8f2ec84	http://localhost:4200
20240706	11:59:20	7b48743b-cd13-417a-a0e0-d16a08f5bf46	GET	/blog	http://localhost:4200
20240706	11:59:21	d88ad31c-9a4c-4192-809f-6d45c63f0b1f	GET	/blog/659e7c59941a562ea8f2ec84	http://localhost:4200
20240707	09:44:46	e472e701-d789-40b2-a992-0713d946adf0	GET	/blog	undefined
20240707	09:44:46	089f3a37-d602-4c65-82cb-65749cc0c05c	GET	/blog	http://localhost:4200
20240707	09:44:52	be725436-588c-4316-a459-797b2b84c83e	GET	/blog/659e7c59941a562ea8f2ec84	http://localhost:4200
20240707	09:45:06	214f721b-6633-4c5c-8cf9-cc15b0de1236	GET	/blog/adasd	undefined
20240707	09:46:10	b9d33955-bbd0-4ad7-9f4c-c95e97310fa9	GET	/blog	undefined
20240707	09:46:10	8a245ba2-04d3-486f-94a6-25969c8e8723	GET	/blog	http://localhost:4200
20240707	09:46:12	a7b73720-d4c4-4779-9c7d-6ab8ed9ff806	GET	/blog/659e7c59941a562ea8f2ec84	http://localhost:4200
20240707	09:57:58	3ba00681-df72-4111-a90f-8f2dfe472ede	GET	/blog/659e7c59941a562ea8f2ec84	undefined
20240707	09:57:58	ccee1d6b-f0ee-40d8-b875-225d8146063b	GET	/blog/659e7c59941a562ea8f2ec84	http://localhost:4200
20240707	09:58:05	904abb7a-7c55-47a8-899a-b0146600308a	GET	/blog/659e7c59941a562ea8f2ec84	undefined
20240707	09:58:05	d9824148-48e9-47e4-8dcb-518f3e80f722	GET	/blog/659e7c59941a562ea8f2ec84	http://localhost:4200
20240707	10:18:18	5e3afe43-59bb-4bad-ba76-41ee254748d0	GET	/blog/659e7c59941a562ea8f2ec84	undefined
20240707	10:18:18	0a66150c-0fa1-44d3-9187-81a3efd8e8f9	GET	/blog/659e7c59941a562ea8f2ec84	http://localhost:4200
20240707	10:18:22	d88e6521-eef0-49f3-9b00-8612d8df975f	GET	/blog/659e7c59941a562ea8f2ec84	undefined
20240707	10:18:22	51386cf6-0fc3-456e-a1d9-24d942a6d8f5	GET	/blog/659e7c59941a562ea8f2ec84	http://localhost:4200
=======
20240709	16:34:48	40fbd518-c159-45a1-b1cb-9e9975ae5bfe	GET	/	undefined
20240709	16:34:48	73a9f404-a84c-4aa8-8f98-e1ec03f34cfe	GET	/favicon.ico	undefined
20240709	16:34:52	8a5ba106-7e5a-45ab-8ed6-f01be9a37b67	GET	/blog	undefined
20240709	16:41:16	fae4e7d5-21ad-4bd9-ac3c-2040819d7893	GET	/blog	undefined
20240709	16:42:34	9a55af00-a363-46b8-b2a8-eab0baa2fd8d	GET	/blog/allDelete	undefined
20240709	16:42:52	7499b95a-d2f5-4dc9-b712-56b8ed7076d0	GET	/blog/	undefined
20240709	17:17:03	494aac4c-104f-4f52-8f86-10433e159d90	POST	/blog	http://localhost:5173
20240709	17:20:43	3d198ece-cf8c-4850-9d31-cb12febb66eb	POST	/blog	http://localhost:5173
20240709	17:21:27	ed3502ff-7815-4cce-bc5d-3d71a5ebcb4a	POST	/blog	http://localhost:5173
20240709	17:21:49	b82bbb37-1590-4c60-90a0-f4597f0f3d34	GET	/blog/	undefined
20240709	17:36:38	52939a30-9bd6-433f-afbb-390c34748455	POST	/blog	http://localhost:5173
20240709	17:37:17	d82705ca-2aca-480f-bcec-9cdfe3a12a1f	POST	/blog	http://localhost:5173
20240709	17:38:19	b27d48e0-a220-458c-b6dd-41c40ba92022	POST	/blog	http://localhost:5173
20240709	17:40:45	b10c6ad7-2e77-4757-b61c-341c3ebd2135	POST	/blog	http://localhost:5173
20240709	17:42:06	726b31ce-3cfb-43a6-ab19-23812f929f17	POST	/blog	http://localhost:5173
20240709	17:43:39	06f394fd-3cff-4544-952d-b703c7f4edce	GET	/blog/668d05ee03d05a9d614190c5	http://localhost:5173
20240709	17:43:39	37b7fd01-4c01-4e56-878e-c82e4f90b095	GET	/blog/668d05ee03d05a9d614190c5	http://localhost:5173
20240709	17:43:49	c8ca79b8-4226-4988-96a3-6c120dec2aa7	GET	/blog/668d05ee03d05a9d614190c5	http://localhost:5173
20240709	17:45:44	95301ab5-a1a0-4082-8940-fbabe4f95751	GET	/blog/668d05ee03d05a9d614190c5	http://localhost:5173
20240709	17:45:51	e8418a65-5469-4502-8428-543206bc679f	GET	/blog/668d05ee03d05a9d614190c5	http://localhost:5173
20240709	17:46:07	d08d55fd-00a4-43cd-967d-324db9df505a	GET	/blog/668d05ee03d05a9d614190c5	http://localhost:5173
20240709	17:46:09	161942fa-bd81-4d6f-ae37-5f827e1acce3	GET	/blog/668d05ee03d05a9d614190c5	http://localhost:5173
20240709	17:46:22	6d8ff4c1-f3d3-481c-8a49-ea73f49cfbea	GET	/blog/668d05ee03d05a9d614190c5	http://localhost:5173
20240709	17:47:08	dcb21692-a399-48f4-806c-eb77014228cc	GET	/blog/668d05ee03d05a9d614190c5	http://localhost:5173
20240709	17:48:02	82a09570-5870-4339-b49c-300c536b5555	GET	/blog	http://localhost:5173
20240709	17:48:02	c9910fcc-00ed-4108-a2c1-edd10c436e6a	GET	/blog	http://localhost:5173
>>>>>>> d8a32c13b3c8eead95c5729262a3147ac6b173cf
20240710	08:57:51	29e03efc-eeab-46f1-97fa-8cca47c50cd5	GET	/	undefined
20240710	08:57:51	3acd21b8-74fb-40f2-8fb3-2709fa89155c	GET	/favicon.ico	undefined
20240710	08:57:59	599ed736-8812-4034-9e59-ef3cdb2da704	GET	/blog	undefined
20240710	09:13:17	57d6a842-3708-4b8f-8375-cb3e1c9b11dc	GET	/blog	http://localhost:5173
20240710	09:19:36	674a80aa-86d6-47d9-8b7d-d24638d2604e	GET	/blog	http://localhost:5173
20240710	09:25:12	984cdb32-64a1-43e8-9759-74bd5d80cae9	GET	/blog	http://localhost:5173
20240710	09:26:15	0de6e5c5-b852-439e-baf2-c46f13493c34	GET	/blog	http://localhost:5173
20240710	09:26:20	b288228e-5104-4c6b-b1e9-b53f5309ad58	GET	/blog	http://localhost:5173
20240710	09:26:31	0f39a3cb-921e-4bf9-b8f2-29908b9a5b10	GET	/blog	http://localhost:5173
20240710	09:40:01	b6e48f49-098f-4370-8379-6c10d0aa8305	GET	/blog	http://localhost:5173
20240710	09:40:50	f600bd0f-500a-4984-9895-309f227a01b6	POST	/auth/checkme	http://localhost:5173
20240710	09:41:54	11294882-fd0a-4259-9b15-7f9b24220d6d	POST	/blog	http://localhost:5173
20240710	09:41:55	72a02e96-261d-4d55-99bc-2ce3a4fdc2be	GET	/blog/668de6e2e0ea074073b0da55	http://localhost:5173
20240710	09:48:38	69712147-6fde-4598-9157-b2093e4149c1	POST	/auth/checkme	http://localhost:5173
20240710	09:48:38	48f186d1-a954-4734-a1ab-41ecb026e815	GET	/blog/668de6e2e0ea074073b0da55	http://localhost:5173
20240710	09:49:03	d1bc08b5-e497-4e0f-822b-657d235d81cf	POST	/auth/checkme	http://localhost:5173
20240710	09:49:03	078090c2-fd01-4947-88a6-fab637cf4167	GET	/blog/668de6e2e0ea074073b0da55	http://localhost:5173
20240710	09:50:33	41416364-8a19-47fc-9cf6-4e70fe9cfdd7	POST	/auth/checkme	http://localhost:5173
20240710	09:50:33	d5e86c8c-4f8e-4e2b-847e-e594ac1307fd	GET	/blog/668de6e2e0ea074073b0da55	http://localhost:5173
20240710	09:51:02	2f996de7-a956-4ac1-b47c-ae3c97ec52e9	POST	/auth/checkme	http://localhost:5173
20240710	09:51:02	3a2363f9-ebe7-4838-9274-012037dc0d83	GET	/blog/668de6e2e0ea074073b0da55	http://localhost:5173
20240710	09:51:53	c89a3323-bead-43fa-bfe9-0330e9da27dc	POST	/auth/checkme	http://localhost:5173
20240710	09:51:53	af446c3d-12a8-40dc-842e-009a6897b491	GET	/blog/668de6e2e0ea074073b0da55	http://localhost:5173
20240710	09:52:00	f565a078-424a-4b89-aad9-0864597ce496	POST	/auth/checkme	http://localhost:5173
20240710	09:52:00	47861070-42fa-4b5e-985f-ae488cf469c6	GET	/blog/668de6e2e0ea074073b0da55	http://localhost:5173
20240710	09:54:17	a73c41a7-5296-4e5e-ae2d-2e967c396a88	POST	/auth/checkme	http://localhost:5173
20240710	09:54:17	278ac89b-de2e-435f-a661-31aca7bda0cd	GET	/blog/668de6e2e0ea074073b0da55	http://localhost:5173
20240710	09:54:22	6cf79eb1-2813-443a-8340-3cfaca51d68d	PUT	/blog/	http://localhost:5173
20240710	09:54:44	a29328be-f491-403e-aa37-45e79c184443	POST	/auth/checkme	http://localhost:5173
20240710	09:54:44	be4fc0ce-6078-4788-ae0b-12fa404bf366	GET	/blog/668de6e2e0ea074073b0da55	http://localhost:5173
20240710	09:57:09	2767ac36-ff5e-4798-b70b-284ca3dfd57d	POST	/auth/checkme	http://localhost:5173
20240710	09:57:09	ea5641bf-d51e-455d-ab2c-c0c3eb83f2be	GET	/blog/668de6e2e0ea074073b0da55	http://localhost:5173
20240710	09:57:17	4cdcfbc3-0707-4978-a59b-83f7e2cae92e	PUT	/blog/	http://localhost:5173
20240710	10:02:47	b2b25463-2b6b-4386-92e1-22c4802a9c55	POST	/auth/checkme	http://localhost:5173
20240710	10:02:47	72ffb608-58aa-4c18-a272-9f819fa31524	GET	/blog/668de6e2e0ea074073b0da55	http://localhost:5173
20240710	10:03:46	413e23ba-ea30-41ef-901e-85e460c4074a	POST	/auth/checkme	http://localhost:5173
20240710	10:03:46	37b0a078-38e5-44a6-84a9-1a47a0f1a4f1	GET	/blog/668de6e2e0ea074073b0da55	http://localhost:5173
20240710	10:03:49	e0951027-6e60-4967-a633-b027b0ad3fee	PUT	/blog/	http://localhost:5173
20240710	10:05:01	d2a2ef01-222f-47e8-8b6f-c54e9a80df8b	PUT	/blog/	http://localhost:5173
20240710	10:05:16	13eeed3c-5621-44c0-95a3-165f4a3f4c27	PUT	/blog/	http://localhost:5173
20240710	10:05:53	e5892d27-1edc-4278-8ad3-afc62dfcf4fa	PUT	/blog/	http://localhost:5173
20240710	10:06:16	57fe3855-3a18-44a5-9590-f11a8fc3608a	PUT	/blog/	http://localhost:5173
20240710	10:06:41	6256234f-3a87-4bf3-8231-86e99f33b76d	PUT	/blog/	http://localhost:5173
20240710	10:06:54	e7dfb6db-a397-4d23-b97f-12cb97a4ead3	PUT	/blog/	http://localhost:5173
20240710	10:08:03	b7e37bec-3985-4100-8f38-d8d015a3af7c	PUT	/blog/	http://localhost:5173
20240710	10:09:15	38d74fa1-ad08-45cc-91c7-573d852d6190	GET	/blog	http://localhost:5173
20240710	10:09:27	b2e89d8d-91cb-4c2c-acc0-ad95cbc8e9a1	GET	/blog	http://localhost:5173
20240710	10:11:47	9d07600a-e0e0-431d-97ca-dab32eaddde9	GET	/blog	http://localhost:5173
20240710	10:11:50	345cdfd7-0b03-4460-a6b7-0adec1ff2c20	POST	/auth/checkme	http://localhost:5173
20240710	10:11:50	62686e84-58ae-43c4-8c73-138b58b97074	GET	/blog/668d01171d2cd656d6276381	http://localhost:5173
20240710	10:12:32	6027d462-9808-467c-a9d0-2712e9f55764	POST	/auth/checkme	http://localhost:5173
20240710	10:12:32	7c706c9b-3f26-46ec-9cb7-d6be1ee14c6f	GET	/blog/668d01171d2cd656d6276381	http://localhost:5173
20240710	10:12:32	ee803216-1dda-443d-82f4-55d347303b02	POST	/auth/checkme	http://localhost:5173
20240710	10:12:32	0a285f9d-a332-42bd-b646-392661b01577	GET	/blog/668d01171d2cd656d6276381	http://localhost:5173
20240710	10:12:33	5faccf90-9311-45c6-aa4f-7009afda6408	POST	/auth/checkme	http://localhost:5173
20240710	10:12:33	d648e4ea-948d-4342-a112-407757b87b24	GET	/blog/668d01171d2cd656d6276381	http://localhost:5173
20240710	10:13:52	f11fc71a-90da-4a78-902d-f459893b3300	POST	/auth/checkme	http://localhost:5173
20240710	10:13:52	83644b3f-3bad-4205-8ac5-c444f11c4511	GET	/blog/668d01171d2cd656d6276381	http://localhost:5173
20240710	10:14:13	86944c5c-34bd-4031-b778-36b7a23081aa	POST	/auth/checkme	http://localhost:5173
20240710	10:14:13	e8c4891b-aac4-40ca-b871-71bf9c21c111	GET	/blog/668d01171d2cd656d6276381	http://localhost:5173
20240710	10:14:17	7deb1686-8b51-454b-a8d3-9cfe6b15e619	GET	/blog	http://localhost:5173
20240710	10:14:21	f2344ea9-a49e-4027-8d7d-403af3010616	POST	/auth/checkme	http://localhost:5173
20240710	10:14:21	1cc2f0f8-aec8-4a68-a985-9b6b1ed721ef	GET	/blog/668d01171d2cd656d627637f	http://localhost:5173
20240710	10:14:23	999d815e-9159-450c-b471-9e8768045d4d	GET	/blog	http://localhost:5173
20240710	10:14:26	bd226b05-e7c0-4725-b992-d4010bbc0127	POST	/auth/checkme	http://localhost:5173
20240710	10:14:26	01f08d73-c3d8-49a6-bced-5139345251a6	GET	/blog/668d050b03d05a9d614190bd	http://localhost:5173
20240710	10:14:28	49a93bf6-f744-4aed-8ef8-7f7d3b34d6ed	GET	/blog	http://localhost:5173
20240710	10:14:29	12a39996-c6ee-4d09-b364-742c543fc821	POST	/auth/checkme	http://localhost:5173
20240710	10:14:29	fd9acf13-b96c-4a05-98aa-129e22542371	GET	/blog/668de6e2e0ea074073b0da55	http://localhost:5173
20240710	10:14:31	970dad93-54ab-457d-b771-bb40480b3bde	PUT	/blog/	http://localhost:5173
20240710	10:18:49	fc7250b2-7061-4a24-be8a-0a9d70306041	PUT	/blog/	http://localhost:5173
20240710	10:36:04	67f7e891-2cc1-4f2c-8daa-e79c1a4fe847	PUT	/blog/	http://localhost:5173
20240710	10:36:16	58ffd5b4-690a-45eb-8ae4-ef5c2095893f	GET	/blog	http://localhost:5173
20240710	10:37:31	94b3b4d0-20e3-4ffd-8c4f-90ab72b73977	GET	/blog	http://localhost:5173
20240710	10:38:44	7b267101-18b5-47c8-ba55-eadbdbedaceb	GET	/blog	http://localhost:5173
20240710	10:41:25	8c2ce39a-cb1e-4557-a4f2-c0c2d9058a17	GET	/blog	http://localhost:5173
20240710	10:42:04	c0336ced-2605-47b9-9381-ec5a17354522	GET	/blog	http://localhost:5173
20240710	10:42:05	89c3a673-425d-475f-b935-e620dabf853b	POST	/auth/checkme	http://localhost:5173
20240710	10:42:05	1abef6a6-03dd-4321-8015-84fc7361faa7	GET	/blog/668d01171d2cd656d627637f	http://localhost:5173
20240710	10:42:20	3fe75e13-6fba-460a-9825-ec2ddff0911f	POST	/auth/checkme	http://localhost:5173
20240710	10:42:20	0742e78e-dafd-4d87-ac04-5e53865307bb	GET	/blog/668d01171d2cd656d627637f	http://localhost:5173
20240710	10:42:23	8225934e-6875-4821-b2c9-92e21a51fc7b	POST	/auth/checkme	http://localhost:5173
20240710	10:42:23	53fce194-0f6d-490a-a3e0-1e351d4fa4b1	GET	/blog/668d01171d2cd656d627637f	http://localhost:5173
20240710	10:42:26	de5eb90c-f7ab-4254-b795-fb0e76cf7b8d	POST	/blog/delete	http://localhost:5173
20240710	10:43:27	d98e709c-d153-42e8-a9a2-bc3284cf2b36	POST	/auth/checkme	http://localhost:5173
20240710	10:43:27	9ac982a3-6eec-4917-a37b-2921554233c2	GET	/blog/668d01171d2cd656d627637f	http://localhost:5173
20240710	10:43:31	59fc5827-2309-4f06-86c3-c1b8d8e31052	GET	/blog	http://localhost:5173
20240710	10:43:33	237d9fa7-e0bc-4042-b4c5-1e399a5a5036	POST	/auth/checkme	http://localhost:5173
20240710	10:43:33	c77de35b-1c9e-44ba-99a2-8f152e0c12a6	GET	/blog/668d01171d2cd656d627637f	http://localhost:5173
20240710	10:45:03	fce543e8-d6fa-4153-a596-3d8b9f06afd5	GET	/blog	http://localhost:5173
20240710	10:45:04	ae8710a9-2434-45b4-9836-26d87b6b9870	POST	/auth/checkme	http://localhost:5173
20240710	10:45:04	72a1c90d-bcfc-4b00-abee-339a51678a9b	GET	/blog/668d050b03d05a9d614190bd	http://localhost:5173
20240710	10:45:07	ce274b74-5ed5-46bc-a7d9-92cb15121084	POST	/blog/delete	http://localhost:5173
20240710	10:45:09	935382d3-0314-4743-a3c3-28d780b1bfde	GET	/blog	http://localhost:5173
20240710	10:45:18	05cddffb-83dd-4bde-a69d-3cac3c5c5b34	POST	/auth/checkme	http://localhost:5173
20240710	10:45:18	29d7535c-f4e5-4d78-b450-edbc65813f51	GET	/blog/668d01171d2cd656d627637f	http://localhost:5173
20240710	10:45:27	8ae78c89-4e7a-42af-a9d2-4a776bffc706	GET	/blog	http://localhost:5173
20240710	10:45:28	fdad258a-fe77-4740-9010-bd3372ba2843	POST	/auth/checkme	http://localhost:5173
20240710	10:45:28	74bc5f3c-4e6f-48bb-9cd5-9dde77b12283	GET	/blog/668d01171d2cd656d627637f	http://localhost:5173
20240710	10:47:47	de88d336-6624-4cf2-8779-fd3722fb736b	GET	/blog	http://localhost:5173
20240710	10:47:49	1fd5f5dd-6bf9-4f38-99a0-a70157259c25	POST	/auth/checkme	http://localhost:5173
20240710	10:47:49	e8c6a753-7030-4b51-9222-3d768112b7ca	GET	/blog/668d059d03d05a9d614190c1	http://localhost:5173
20240710	10:47:51	6c131015-92e8-4728-8950-e7d931b9e395	GET	/blog	http://localhost:5173
20240710	10:47:52	82283db5-3732-454c-8c10-86ee47acbb39	POST	/auth/checkme	http://localhost:5173
20240710	10:47:52	d8220fd0-1f33-4825-97e7-4370ebb9efc7	GET	/blog/668d059d03d05a9d614190c1	http://localhost:5173
20240710	10:47:54	326cf29d-524b-492e-941a-185ecf9480db	POST	/blog/delete	http://localhost:5173
20240710	10:47:56	fc1dd4b4-909b-48b9-a2a8-0097925985c4	GET	/blog	http://localhost:5173
20240710	10:47:59	b170efd2-1a2d-4f90-bd68-0fa18fd2f03d	POST	/auth/checkme	http://localhost:5173
20240710	10:47:59	b26933c0-2633-4754-b494-e592860e7103	GET	/blog/668d05ee03d05a9d614190c5	http://localhost:5173
20240710	10:48:01	069ffe68-19c9-4573-918b-a240d82ef696	POST	/blog/delete	http://localhost:5173
20240710	10:48:04	ea032728-0c54-4e36-bf49-fe6e7a80f830	GET	/blog	http://localhost:5173
20240710	10:48:37	f8eb13ee-52db-44e8-8d20-33b1e8fa4421	GET	/blog	http://localhost:5173
20240710	10:48:40	f7d7c26a-f12b-4235-a485-44b970d8797d	POST	/auth/checkme	http://localhost:5173
20240710	10:48:40	caf958bb-09c6-4b12-bbd4-1830ca706394	GET	/blog/668de6e2e0ea074073b0da55	http://localhost:5173
20240710	10:48:43	6f253bee-ba75-4d7e-8264-f74b9c0b896e	POST	/blog/delete	http://localhost:5173
20240710	10:48:44	c1e97603-3423-4dca-b4f7-fd2b7fc51748	GET	/blog	http://localhost:5173
20240710	10:48:54	db5bd218-a87a-44e2-b94e-1f648306f1d5	POST	/auth/checkme	http://localhost:5173
20240710	10:49:37	4979c3e8-96b4-408a-9acc-6a7fe5e36c03	POST	/blog	http://localhost:5173
20240710	10:52:42	038b92bf-515e-4dcc-b561-fedb77ca8ef5	GET	/blog	http://localhost:5173
20240710	10:52:44	00954347-ba65-4140-99c0-013d5fa0450a	GET	/blog	http://localhost:5173
20240710	10:52:59	3d9eed07-1936-4fe3-95b5-e9d74d5b5db0	POST	/auth/checkme	http://localhost:5173
20240710	10:53:17	c6c7ac17-3c8a-4477-bd0b-399b85d0986b	POST	/blog	http://localhost:5173
20240710	10:55:38	286ad7e9-bdbe-4e14-abf4-81b02cf2e04d	GET	/blog	http://localhost:5173
20240710	10:55:43	a50bb540-3e8d-462e-b0f6-9bfffc3d687e	POST	/auth/checkme	http://localhost:5173
20240710	10:55:52	d7e28588-3567-481b-bebe-c1e7a3608831	POST	/blog	http://localhost:5173
20240710	10:55:53	408433d8-3e5b-4778-8a08-c858eead5217	POST	/auth/checkme	http://localhost:5173
20240710	10:55:53	7cc3c5f6-408b-4140-bdaa-819e57d6907d	GET	/blog/668df83859c439913d65c7b3	http://localhost:5173
20240710	10:55:58	31e9280b-979d-428c-b020-a478f47ead24	POST	/auth/checkme	http://localhost:5173
20240710	10:55:59	c2abfdbd-0378-416f-8d59-7b49632e912d	GET	/blog	http://localhost:5173
20240710	10:56:10	a197c00e-cc08-4651-92be-e10dc39f7162	POST	/auth/checkme	http://localhost:5173
20240710	10:56:10	82d28bce-2153-41b6-9039-a914b39dec70	GET	/blog/668df83859c439913d65c7b3	http://localhost:5173
20240710	10:56:16	8d09526e-e099-4abf-a426-c0c51102c04a	GET	/blog	http://localhost:5173
20240710	10:56:21	ed0c56c8-3e2b-4992-b3c2-27f8918bb459	POST	/auth/checkme	http://localhost:5173
20240710	10:56:21	80d37e75-cedf-4f7e-a48e-d3b5138cc961	GET	/blog/668df83859c439913d65c7b3	http://localhost:5173
20240710	10:56:26	c1acaafc-e3a6-47d1-82ab-e64d95f6947f	POST	/auth/checkme	http://localhost:5173
20240710	10:56:26	96d6af19-9a69-4ab1-b351-bd5c703174ae	GET	/blog/668df83859c439913d65c7b3	http://localhost:5173
20240710	10:58:16	9d1fedff-2bea-4611-ad3b-01aa892112a9	GET	/blog	http://localhost:5173
20240710	11:03:23	356b52cf-56b1-41fe-b4bc-87a3f8248e69	POST	/auth/checkme	http://localhost:5173
20240710	11:04:11	d5588d06-61b9-4515-94b4-6fe9b85530c4	POST	/blog	http://localhost:5173
20240710	11:04:11	7cc5ca31-6fde-4dbe-b6bb-9274379d68ce	POST	/auth/checkme	http://localhost:5173
20240710	11:04:11	4c725716-5c21-4820-ab75-585263942bc6	GET	/blog/668dfa2b59c439913d65c7c0	http://localhost:5173
20240710	11:04:19	c07f7d2e-7225-4ac9-bea7-05aadbf412a5	GET	/blog	http://localhost:5173
20240710	11:07:17	82ede854-e552-47d4-b787-e3b5b2084d9d	POST	/auth/checkme	http://localhost:5173
20240710	11:07:17	1f9c6631-a494-45a4-89ea-fa55d2d30837	GET	/blog/668df83859c439913d65c7b3	http://localhost:5173
20240710	11:07:21	9fd85c1d-6716-4fa2-823e-28b8827da57e	GET	/blog	http://localhost:5173
20240710	11:09:11	d3acbc79-1b5d-410e-907f-a05980a71701	POST	/auth/checkme	http://localhost:5173
20240710	11:09:11	79228c50-29fa-4a10-baa1-4150af0b178c	GET	/blog/668df83859c439913d65c7b3	http://localhost:5173
20240710	11:09:34	95fa2653-1605-4059-8086-0a921e99e9e1	PUT	/blog/	http://localhost:5173
20240710	11:09:39	5e746549-783d-4530-9cda-0fa350199c42	GET	/blog	http://localhost:5173
20240710	11:10:42	4d110f23-4ee6-4215-a70a-7c8e30847516	POST	/auth/checkme	http://localhost:5173
20240710	11:10:42	5cd54d33-2a70-4be7-bf1f-3f2f449955d6	GET	/blog/668dfa2b59c439913d65c7c0	http://localhost:5173
20240710	11:10:49	7b4867e4-5add-42da-923e-dcde93a7c1c7	POST	/blog/delete	http://localhost:5173
20240710	11:10:49	90e623a5-205d-469b-bb84-d5e5f0868c72	GET	/blog	http://localhost:5173
20240710	11:11:09	a1c94160-436b-4610-bdb5-517ab5d5456d	POST	/auth/checkme	http://localhost:5173
20240710	11:12:07	9049dde7-be9a-4bbf-b923-19fa444bd8de	POST	/blog	http://localhost:5173
20240710	11:12:07	35e53b33-e54e-4bff-85a7-4a4156bd41f9	POST	/auth/checkme	http://localhost:5173
20240710	11:12:07	f1701370-7f47-4214-9b50-c85977281dfe	GET	/blog/668dfc0759c439913d65c7d5	http://localhost:5173
20240710	11:12:14	cc898488-54f6-414d-8d87-2dd88e80d6a3	GET	/blog	http://localhost:5173
20240710	11:39:35	a02a0f80-f35a-4319-8168-d85483ed99ac	POST	/auth/checkme	http://localhost:5173
20240710	11:39:35	b580e140-d58a-415a-8d79-244980f16a57	GET	/blog//	http://localhost:5173
20240710	11:39:37	c6461411-5624-4f58-9aba-859a528e712c	POST	/auth/checkme	http://localhost:5173
20240710	11:39:37	9030275f-3f18-41e3-a262-463053bbe482	GET	/blog//	http://localhost:5173
20240710	11:40:34	13426e03-c188-4509-a74d-a2032915883d	POST	/auth/checkme	http://localhost:5173
20240710	11:40:34	286ae6cd-a47e-44aa-9eb9-112c7633324f	GET	/blog//	http://localhost:5173
20240710	11:40:54	2a69ff02-a41e-4964-96c7-91f6081c488f	POST	/auth/checkme	http://localhost:5173
20240710	11:40:54	7d014b6e-a7c3-47d5-aad2-ed1855f510c7	GET	/blog//	http://localhost:5173
20240710	11:41:03	0f7cbdd4-2a9d-490c-9fe9-7497976e8de3	GET	/blog	http://localhost:5173
20240710	11:41:14	df92d0b8-aa09-4125-acfb-5a7f861c8e58	GET	/blog	http://localhost:5173
20240710	11:41:18	367473b2-ad97-4d81-a7c4-94a419ac1b95	POST	/auth/checkme	http://localhost:5173
20240710	11:41:18	672503a8-c1f2-4be5-8176-ffadc61a0dbb	GET	/blog/668dfc0759c439913d65c7d5	http://localhost:5173
20240710	11:41:21	bdc537ce-1977-4d2d-b82d-fdb054767ab2	GET	/blog	http://localhost:5173
20240710	11:41:24	ac3e7263-af9a-4407-ab3a-42b81c1c3c76	POST	/auth/checkme	http://localhost:5173
20240710	11:41:24	d8e34e33-5f9d-40fd-b3db-9a621dd993a1	GET	/blog/668df83859c439913d65c7b3	http://localhost:5173
20240710	11:41:25	11183d7b-7e5c-4276-a166-9ac218a32b23	GET	/blog	http://localhost:5173
20240710	11:41:30	1ea51d5b-2ce3-4a6d-82f1-736ad49a1e53	GET	/blog	http://localhost:5173
